
2022-11-05 14:31:45,409 INFO  [Log] home():Testi Basariyla Tamamlandi. 
2022-11-05 14:32:58,553 INFO  [Log] home():Testi Basariyla Tamamlandi. 
2022-11-05 14:35:52,592 INFO  [Log] home():Testi Basariyla Tamamlandi. 
2022-11-05 14:38:15,414 INFO  [Log] Çerezler Kabul Edildi 
2022-11-05 14:38:15,421 INFO  [Log] home() :Testi Basariyla Tamamlandi. 
2022-11-05 14:40:54,365 INFO  [Log] **************************************************************************************** 
2022-11-05 14:40:54,365 INFO  [Log] **************************************************************************************** 
2022-11-05 14:40:54,368 INFO  [Log] $$$$$$$$$$$$$$$$$$$$$                 Sayfa Ayağa Kaldırıldı       $$$$$$$$$$$$$$$$$$$$$$$$$ 
2022-11-05 14:40:54,369 INFO  [Log] **************************************************************************************** 
2022-11-05 14:40:54,369 INFO  [Log] **************************************************************************************** 
2022-11-05 14:41:03,027 INFO  [Log] Çerezler Kabul Edildi 
2022-11-05 14:41:03,034 INFO  [Log] home() :Testi Basariyla Tamamlandi. 
2022-11-05 14:42:06,963 INFO  [Log] **************************************************************************************** 
2022-11-05 14:42:06,963 INFO  [Log] **************************************************************************************** 
2022-11-05 14:42:06,965 INFO  [Log] $$$$$$$$$$$$$$$$$$$$$                 Test için Chrome driver ayarları yapıldı... Test Başlıyor       $$$$$$$$$$$$$$$$$$$$$$$$$ 
2022-11-05 14:42:06,966 INFO  [Log] **************************************************************************************** 
2022-11-05 14:42:06,966 INFO  [Log] **************************************************************************************** 
2022-11-05 14:42:08,192 INFO  [Log] Çerezler Kabul Edildi 
2022-11-05 14:42:08,200 INFO  [Log] home() :Testi Basariyla Tamamlandi. 
2022-11-05 14:42:59,986 INFO  [Log] **************************************************************************************** 
2022-11-05 14:42:59,986 INFO  [Log] **************************************************************************************** 
2022-11-05 14:42:59,989 INFO  [Log] $$$$$$$$$$$$$$$$$$$$$                 Test için Chrome driver ayarları yapıldı... Test Başlıyor       $$$$$$$$$$$$$$$$$$$$$$$$$ 
2022-11-05 14:42:59,989 INFO  [Log] **************************************************************************************** 
2022-11-05 14:42:59,989 INFO  [Log] **************************************************************************************** 
2022-11-05 14:43:01,259 INFO  [Log] Çerezler kabul edildi 
2022-11-05 14:43:01,268 INFO  [Log] home() :Testi Basariyla Tamamlandi. 
2022-11-05 14:46:39,437 INFO  [Log] ***********Test için Chrome driver ayarları yapıldı... Test Başlıyor********************** 
2022-11-05 14:46:41,048 INFO  [Log] Çerezler kabul edildi 
2022-11-05 14:46:41,053 INFO  [Log] home() :Testi Basariyla Tamamlandi. 
2022-11-05 14:46:42,266 INFO  [Log] İphone kılıf aratılıyor 
2022-11-05 14:46:42,266 INFO  [Log] search_product_one() :Testi Basariyla Tamamlandi. 
2022-11-05 14:46:57,805 INFO  [Log] product_one() :Testi Basariyla Tamamlandi. 
2022-11-05 14:46:59,723 INFO  [Log] İphone kılıf şefaf aratılıyor 
2022-11-05 14:46:59,723 INFO  [Log] search_product_two() :Testi Basariyla Tamamlandi. 
2022-11-05 14:47:16,548 INFO  [Log] product_two() :Testi Basariyla Tamamlandi. 
2022-11-05 14:47:17,342 INFO  [Log] go_to_basket() :Testi Basariyla Tamamlandi. 
2022-11-05 14:47:27,929 ERROR [Log] Test Basarisiz Oldu. Sebebi: no such element: Unable to locate element: {"method":"partial link text","selector":"Fibaks Apple iPhone 13 Pro Max Uyumlu Kılıf Şeffaf Berrak Kamera Korumalı Renkli Yumuşak"}
  (Session info: chrome=107.0.5304.88)
For documentation on this error, please visit: https://selenium.dev/exceptions/#no_such_element
Build info: version: '4.4.0', revision: 'e5c75ed026a'
System info: host: 'LAPTOP-LJ7A5F6C', ip: '192.168.1.101', os.name: 'Windows 10', os.arch: 'amd64', os.version: '10.0', java.version: '18.0.2.1'
Driver info: org.openqa.selenium.chrome.ChromeDriver
Command: [ba2f232892b7f8ab05d329a2d97093fd, findElement {using=partial link text, value=Fibaks Apple iPhone 13 Pro Max Uyumlu Kılıf Şeffaf Berrak Kamera Korumalı Renkli Yumuşak}]
Capabilities {acceptInsecureCerts: false, browserName: chrome, browserVersion: 107.0.5304.88, chrome: {chromedriverVersion: 107.0.5304.62 (1eec40d3a576..., userDataDir: C:\Users\Samed\AppData\Loca...}, goog:chromeOptions: {debuggerAddress: localhost:56711}, networkConnectionEnabled: false, pageLoadStrategy: normal, platformName: WINDOWS, proxy: Proxy(), se:cdp: ws://localhost:56711/devtoo..., se:cdpVersion: 107.0.5304.88, setWindowRect: true, strictFileInteractability: false, timeouts: {implicit: 0, pageLoad: 300000, script: 30000}, unhandledPromptBehavior: dismiss and notify, webauthn:extension:credBlob: true, webauthn:extension:largeBlob: true, webauthn:virtualAuthenticators: true}
Session ID: ba2f232892b7f8ab05d329a2d97093fd 
2022-11-05 14:47:28,024 INFO  [Log] second_product_verification() :Testi Basariyla Tamamlandi. 
2022-11-05 14:47:28,074 INFO  [Log] different_seller_verification() :Testi Basariyla Tamamlandi. 
2022-11-05 14:47:28,337 INFO  [Log] XXXXXXXXXXXXXXXXXXXXXXX             -E---N---D-             XXXXXXXXXXXXXXXXXXXXXX 
2022-11-05 15:20:18,779 INFO  [Log] ***********Test için Chrome driver ayarları yapıldı... Test Başlıyor********************** 
2022-11-05 15:20:19,969 INFO  [Log] Çerezler kabul edildi 
2022-11-05 15:20:20,159 INFO  [Log] Hesabım butonuna tıklandı 
2022-11-05 15:20:22,067 INFO  [Log] Girş yap butonuna tıklandı 
2022-11-05 15:20:22,073 INFO  [Log] accept_cookies() :Testi Basariyla Tamamlandi. 
2022-11-05 15:20:22,305 INFO  [Log] *********Test tamamlandı... Chrome kapatıldı...****************** 
2022-11-05 15:21:15,904 INFO  [Log] ***********Test için Chrome driver ayarları yapıldı... Test Başlıyor********************** 
2022-11-05 15:21:17,331 INFO  [Log] Çerezler kabul edildi 
2022-11-05 15:21:17,498 INFO  [Log] Hesabım butonuna tıklandı 
2022-11-05 15:21:19,594 INFO  [Log] Girş yap butonuna tıklandı 
2022-11-05 15:21:19,600 INFO  [Log] accept_cookies() :Testi Basariyla Tamamlandi. 
2022-11-05 15:21:19,834 INFO  [Log] *********Test tamamlandı... Chrome kapatıldı...****************** 
2022-11-05 15:25:11,887 INFO  [Log] ***********Test için Chrome driver ayarları yapıldı... Test Başlıyor********************** 
2022-11-05 15:25:11,906 ERROR [Log] Test Basarisiz Oldu. Sebebi: Cannot invoke "org.openqa.selenium.WebDriver.findElement(org.openqa.selenium.By)" because "this.driver" is null 
2022-11-05 15:25:11,923 ERROR [Log] Test Basarisiz Oldu. Sebebi: Driver must be set 
2022-11-05 15:25:11,932 ERROR [Log] Test Basarisiz Oldu. Sebebi: Cannot invoke "org.openqa.selenium.WebDriver.findElement(org.openqa.selenium.By)" because "this.driver" is null 
2022-11-05 15:25:11,938 ERROR [Log] Test Basarisiz Oldu. Sebebi: Cannot invoke "org.openqa.selenium.JavascriptExecutor.executeScript(String, Object[])" because "js" is null 
2022-11-05 15:25:12,944 ERROR [Log] Test Basarisiz Oldu. Sebebi: Cannot invoke "org.openqa.selenium.WebDriver.findElement(org.openqa.selenium.By)" because "this.driver" is null 
2022-11-05 15:25:12,950 ERROR [Log] Test Basarisiz Oldu. Sebebi: Cannot invoke "org.openqa.selenium.JavascriptExecutor.executeScript(String, Object[])" because "js" is null 
2022-11-05 15:25:12,957 ERROR [Log] Test Basarisiz Oldu. Sebebi: Cannot invoke "org.openqa.selenium.WebDriver.findElement(org.openqa.selenium.By)" because "this.driver" is null 
2022-11-05 15:25:12,963 ERROR [Log] Test Basarisiz Oldu. Sebebi: Cannot invoke "org.openqa.selenium.WebDriver.findElement(org.openqa.selenium.By)" because "this.driver" is null 
2022-11-05 15:25:12,969 ERROR [Log] Test Basarisiz Oldu. Sebebi: Cannot invoke "org.openqa.selenium.WebDriver.findElement(org.openqa.selenium.By)" because "this.driver" is null 
2022-11-05 15:25:12,977 ERROR [Log] Test Basarisiz Oldu. Sebebi: Cannot invoke "org.openqa.selenium.WebDriver.findElement(org.openqa.selenium.By)" because "this.driver" is null 
2022-11-05 15:25:13,223 INFO  [Log] *********Test tamamlandı... Chrome kapatıldı...****************** 
2022-11-05 15:25:53,461 INFO  [Log] ***********Test için Chrome driver ayarları yapıldı... Test Başlıyor********************** 
2022-11-05 15:25:53,482 ERROR [Log] Test Basarisiz Oldu. Sebebi: Cannot invoke "org.openqa.selenium.WebDriver.findElement(org.openqa.selenium.By)" because "this.driver" is null 
2022-11-05 15:25:53,501 ERROR [Log] Test Basarisiz Oldu. Sebebi: Driver must be set 
2022-11-05 15:25:53,508 ERROR [Log] Test Basarisiz Oldu. Sebebi: Cannot invoke "org.openqa.selenium.WebDriver.findElement(org.openqa.selenium.By)" because "this.driver" is null 
2022-11-05 15:25:53,522 ERROR [Log] Test Basarisiz Oldu. Sebebi: Cannot invoke "org.openqa.selenium.JavascriptExecutor.executeScript(String, Object[])" because "js" is null 
2022-11-05 15:25:54,531 ERROR [Log] Test Basarisiz Oldu. Sebebi: Cannot invoke "org.openqa.selenium.WebDriver.findElement(org.openqa.selenium.By)" because "this.driver" is null 
2022-11-05 15:25:54,538 ERROR [Log] Test Basarisiz Oldu. Sebebi: Cannot invoke "org.openqa.selenium.JavascriptExecutor.executeScript(String, Object[])" because "js" is null 
2022-11-05 15:25:54,546 ERROR [Log] Test Basarisiz Oldu. Sebebi: Cannot invoke "org.openqa.selenium.WebDriver.findElement(org.openqa.selenium.By)" because "this.driver" is null 
2022-11-05 15:25:54,554 ERROR [Log] Test Basarisiz Oldu. Sebebi: Cannot invoke "org.openqa.selenium.WebDriver.findElement(org.openqa.selenium.By)" because "this.driver" is null 
2022-11-05 15:25:54,568 ERROR [Log] Test Basarisiz Oldu. Sebebi: Cannot invoke "org.openqa.selenium.WebDriver.findElement(org.openqa.selenium.By)" because "this.driver" is null 
2022-11-05 15:25:54,577 ERROR [Log] Test Basarisiz Oldu. Sebebi: Cannot invoke "org.openqa.selenium.WebDriver.findElement(org.openqa.selenium.By)" because "this.driver" is null 
2022-11-05 15:25:54,795 INFO  [Log] *********Test tamamlandı... Chrome kapatıldı...****************** 
2022-11-05 15:30:22,064 INFO  [Log] ***********Test için Chrome driver ayarları yapıldı... Test Başlıyor********************** 
2022-11-05 15:30:23,277 INFO  [Log] Çerezler kabul edildi 
2022-11-05 15:30:23,468 INFO  [Log] Hesabım butonuna tıklandı 
2022-11-05 15:30:25,153 INFO  [Log] Açılan menüden giriş yap butonuna tıklandı 
2022-11-05 15:30:25,159 INFO  [Log] accept_cookies() :Testi Basariyla Tamamlandi. 
2022-11-05 15:30:32,442 ERROR [Log] Test Basarisiz Oldu. Sebebi: Unable to find element with locator By.xpath: //input[@class='desktopOldAutosuggestTheme-UyU36RyhCTcuRs_sXL9b']
For documentation on this error, please visit: https://selenium.dev/exceptions/#no_such_element
Build info: version: '4.4.0', revision: 'e5c75ed026a'
System info: host: 'LAPTOP-LJ7A5F6C', ip: '192.168.1.101', os.name: 'Windows 10', os.arch: 'amd64', os.version: '10.0', java.version: '18.0.2.1'
Driver info: driver.version: RemoteWebDriver 
2022-11-05 15:30:32,490 ERROR [Log] Test Basarisiz Oldu. Sebebi: no such window: target window already closed
from unknown error: web view not found
  (Session info: chrome=107.0.5304.88)
Build info: version: '4.4.0', revision: 'e5c75ed026a'
System info: host: 'LAPTOP-LJ7A5F6C', ip: '192.168.1.101', os.name: 'Windows 10', os.arch: 'amd64', os.version: '10.0', java.version: '18.0.2.1'
Driver info: org.openqa.selenium.chrome.ChromeDriver
Command: [0d4f4364a90930dcabd8575266756d31, executeScript {script=window.scrollBy(0,300), args=[]}]
Capabilities {acceptInsecureCerts: false, browserName: chrome, browserVersion: 107.0.5304.88, chrome: {chromedriverVersion: 107.0.5304.62 (1eec40d3a576..., userDataDir: C:\Users\Samed\AppData\Loca...}, goog:chromeOptions: {debuggerAddress: localhost:58491}, networkConnectionEnabled: false, pageLoadStrategy: normal, platformName: WINDOWS, proxy: Proxy(), se:cdp: ws://localhost:58491/devtoo..., se:cdpVersion: 107.0.5304.88, setWindowRect: true, strictFileInteractability: false, timeouts: {implicit: 0, pageLoad: 300000, script: 30000}, unhandledPromptBehavior: dismiss and notify, webauthn:extension:credBlob: true, webauthn:extension:largeBlob: true, webauthn:virtualAuthenticators: true}
Session ID: 0d4f4364a90930dcabd8575266756d31 
2022-11-05 15:30:33,513 ERROR [Log] Test Basarisiz Oldu. Sebebi: no such window: target window already closed
from unknown error: web view not found
  (Session info: chrome=107.0.5304.88)
Build info: version: '4.4.0', revision: 'e5c75ed026a'
System info: host: 'LAPTOP-LJ7A5F6C', ip: '192.168.1.101', os.name: 'Windows 10', os.arch: 'amd64', os.version: '10.0', java.version: '18.0.2.1'
Driver info: org.openqa.selenium.chrome.ChromeDriver
Command: [0d4f4364a90930dcabd8575266756d31, findElement {using=xpath, value=//input[@class='desktopOldAutosuggestTheme-UyU36RyhCTcuRs_sXL9b']}]
Capabilities {acceptInsecureCerts: false, browserName: chrome, browserVersion: 107.0.5304.88, chrome: {chromedriverVersion: 107.0.5304.62 (1eec40d3a576..., userDataDir: C:\Users\Samed\AppData\Loca...}, goog:chromeOptions: {debuggerAddress: localhost:58491}, networkConnectionEnabled: false, pageLoadStrategy: normal, platformName: WINDOWS, proxy: Proxy(), se:cdp: ws://localhost:58491/devtoo..., se:cdpVersion: 107.0.5304.88, setWindowRect: true, strictFileInteractability: false, timeouts: {implicit: 0, pageLoad: 300000, script: 30000}, unhandledPromptBehavior: dismiss and notify, webauthn:extension:credBlob: true, webauthn:extension:largeBlob: true, webauthn:virtualAuthenticators: true}
Session ID: 0d4f4364a90930dcabd8575266756d31 
2022-11-05 15:30:33,536 ERROR [Log] Test Basarisiz Oldu. Sebebi: no such window: target window already closed
from unknown error: web view not found
  (Session info: chrome=107.0.5304.88)
Build info: version: '4.4.0', revision: 'e5c75ed026a'
System info: host: 'LAPTOP-LJ7A5F6C', ip: '192.168.1.101', os.name: 'Windows 10', os.arch: 'amd64', os.version: '10.0', java.version: '18.0.2.1'
Driver info: org.openqa.selenium.chrome.ChromeDriver
Command: [0d4f4364a90930dcabd8575266756d31, executeScript {script=window.scrollBy(0,300), args=[]}]
Capabilities {acceptInsecureCerts: false, browserName: chrome, browserVersion: 107.0.5304.88, chrome: {chromedriverVersion: 107.0.5304.62 (1eec40d3a576..., userDataDir: C:\Users\Samed\AppData\Loca...}, goog:chromeOptions: {debuggerAddress: localhost:58491}, networkConnectionEnabled: false, pageLoadStrategy: normal, platformName: WINDOWS, proxy: Proxy(), se:cdp: ws://localhost:58491/devtoo..., se:cdpVersion: 107.0.5304.88, setWindowRect: true, strictFileInteractability: false, timeouts: {implicit: 0, pageLoad: 300000, script: 30000}, unhandledPromptBehavior: dismiss and notify, webauthn:extension:credBlob: true, webauthn:extension:largeBlob: true, webauthn:virtualAuthenticators: true}
Session ID: 0d4f4364a90930dcabd8575266756d31 
2022-11-05 15:30:33,550 ERROR [Log] Test Basarisiz Oldu. Sebebi: no such window: target window already closed
from unknown error: web view not found
  (Session info: chrome=107.0.5304.88)
Build info: version: '4.4.0', revision: 'e5c75ed026a'
System info: host: 'LAPTOP-LJ7A5F6C', ip: '192.168.1.101', os.name: 'Windows 10', os.arch: 'amd64', os.version: '10.0', java.version: '18.0.2.1'
Driver info: org.openqa.selenium.chrome.ChromeDriver
Command: [0d4f4364a90930dcabd8575266756d31, findElement {using=xpath, value=//button[normalize-space()='Sepete git']}]
Capabilities {acceptInsecureCerts: false, browserName: chrome, browserVersion: 107.0.5304.88, chrome: {chromedriverVersion: 107.0.5304.62 (1eec40d3a576..., userDataDir: C:\Users\Samed\AppData\Loca...}, goog:chromeOptions: {debuggerAddress: localhost:58491}, networkConnectionEnabled: false, pageLoadStrategy: normal, platformName: WINDOWS, proxy: Proxy(), se:cdp: ws://localhost:58491/devtoo..., se:cdpVersion: 107.0.5304.88, setWindowRect: true, strictFileInteractability: false, timeouts: {implicit: 0, pageLoad: 300000, script: 30000}, unhandledPromptBehavior: dismiss and notify, webauthn:extension:credBlob: true, webauthn:extension:largeBlob: true, webauthn:virtualAuthenticators: true}
Session ID: 0d4f4364a90930dcabd8575266756d31 
2022-11-05 15:30:33,562 ERROR [Log] Test Basarisiz Oldu. Sebebi: no such window: target window already closed
from unknown error: web view not found
  (Session info: chrome=107.0.5304.88)
Build info: version: '4.4.0', revision: 'e5c75ed026a'
System info: host: 'LAPTOP-LJ7A5F6C', ip: '192.168.1.101', os.name: 'Windows 10', os.arch: 'amd64', os.version: '10.0', java.version: '18.0.2.1'
Driver info: org.openqa.selenium.chrome.ChromeDriver
Command: [0d4f4364a90930dcabd8575266756d31, findElement {using=xpath, value=//a[contains(text(),'Fibaks Apple iPhone 13 Pro Max Uyumlu Kılıf Şeffaf')]}]
Capabilities {acceptInsecureCerts: false, browserName: chrome, browserVersion: 107.0.5304.88, chrome: {chromedriverVersion: 107.0.5304.62 (1eec40d3a576..., userDataDir: C:\Users\Samed\AppData\Loca...}, goog:chromeOptions: {debuggerAddress: localhost:58491}, networkConnectionEnabled: false, pageLoadStrategy: normal, platformName: WINDOWS, proxy: Proxy(), se:cdp: ws://localhost:58491/devtoo..., se:cdpVersion: 107.0.5304.88, setWindowRect: true, strictFileInteractability: false, timeouts: {implicit: 0, pageLoad: 300000, script: 30000}, unhandledPromptBehavior: dismiss and notify, webauthn:extension:credBlob: true, webauthn:extension:largeBlob: true, webauthn:virtualAuthenticators: true}
Session ID: 0d4f4364a90930dcabd8575266756d31 
2022-11-05 15:30:33,577 ERROR [Log] Test Basarisiz Oldu. Sebebi: no such window: target window already closed
from unknown error: web view not found
  (Session info: chrome=107.0.5304.88)
Build info: version: '4.4.0', revision: 'e5c75ed026a'
System info: host: 'LAPTOP-LJ7A5F6C', ip: '192.168.1.101', os.name: 'Windows 10', os.arch: 'amd64', os.version: '10.0', java.version: '18.0.2.1'
Driver info: org.openqa.selenium.chrome.ChromeDriver
Command: [0d4f4364a90930dcabd8575266756d31, findElement {using=partial link text, value=Apple iPhone 13 Magsafe Silikon Kılıf – Midnight MM2A3ZM/A}]
Capabilities {acceptInsecureCerts: false, browserName: chrome, browserVersion: 107.0.5304.88, chrome: {chromedriverVersion: 107.0.5304.62 (1eec40d3a576..., userDataDir: C:\Users\Samed\AppData\Loca...}, goog:chromeOptions: {debuggerAddress: localhost:58491}, networkConnectionEnabled: false, pageLoadStrategy: normal, platformName: WINDOWS, proxy: Proxy(), se:cdp: ws://localhost:58491/devtoo..., se:cdpVersion: 107.0.5304.88, setWindowRect: true, strictFileInteractability: false, timeouts: {implicit: 0, pageLoad: 300000, script: 30000}, unhandledPromptBehavior: dismiss and notify, webauthn:extension:credBlob: true, webauthn:extension:largeBlob: true, webauthn:virtualAuthenticators: true}
Session ID: 0d4f4364a90930dcabd8575266756d31 
2022-11-05 15:30:33,591 ERROR [Log] Test Basarisiz Oldu. Sebebi: no such window: target window already closed
from unknown error: web view not found
  (Session info: chrome=107.0.5304.88)
Build info: version: '4.4.0', revision: 'e5c75ed026a'
System info: host: 'LAPTOP-LJ7A5F6C', ip: '192.168.1.101', os.name: 'Windows 10', os.arch: 'amd64', os.version: '10.0', java.version: '18.0.2.1'
Driver info: org.openqa.selenium.chrome.ChromeDriver
Command: [0d4f4364a90930dcabd8575266756d31, findElement {using=xpath, value=//a[normalize-space()='fiberaksesuar']}]
Capabilities {acceptInsecureCerts: false, browserName: chrome, browserVersion: 107.0.5304.88, chrome: {chromedriverVersion: 107.0.5304.62 (1eec40d3a576..., userDataDir: C:\Users\Samed\AppData\Loca...}, goog:chromeOptions: {debuggerAddress: localhost:58491}, networkConnectionEnabled: false, pageLoadStrategy: normal, platformName: WINDOWS, proxy: Proxy(), se:cdp: ws://localhost:58491/devtoo..., se:cdpVersion: 107.0.5304.88, setWindowRect: true, strictFileInteractability: false, timeouts: {implicit: 0, pageLoad: 300000, script: 30000}, unhandledPromptBehavior: dismiss and notify, webauthn:extension:credBlob: true, webauthn:extension:largeBlob: true, webauthn:virtualAuthenticators: true}
Session ID: 0d4f4364a90930dcabd8575266756d31 
2022-11-05 15:30:33,731 INFO  [Log] *********Test tamamlandı... Chrome kapatıldı...****************** 
2022-11-05 15:31:48,879 INFO  [Log] ***********Test için Chrome driver ayarları yapıldı... Test Başlıyor********************** 
2022-11-05 15:31:50,109 INFO  [Log] Çerezler kabul edildi 
2022-11-05 15:31:50,119 INFO  [Log] accept_cookies() :Testi Basariyla Tamamlandi. 
2022-11-05 15:31:51,420 INFO  [Log] İphone kılıf aratılıyor 
2022-11-05 15:31:51,420 INFO  [Log] search_product_one() :Testi Basariyla Tamamlandi. 
2022-11-05 15:31:57,252 INFO  [Log] Ürün Seçildi 
2022-11-05 15:32:00,957 INFO  [Log] Koyu Lacivert Renk Seçildi 
2022-11-05 15:32:02,257 INFO  [Log] Ürün Sepete Eklendi 
2022-11-05 15:32:07,413 INFO  [Log] product_one() :Testi Basariyla Tamamlandi. 
2022-11-05 15:32:09,430 INFO  [Log] İphone kılıf şefaf aratılıyor 
2022-11-05 15:32:09,431 INFO  [Log] search_product_two() :Testi Basariyla Tamamlandi. 
2022-11-05 15:32:15,234 INFO  [Log] Ürün Sepete Eklendi 
2022-11-05 15:32:19,149 INFO  [Log] Siyah Renk Seçildi 
2022-11-05 15:32:19,226 INFO  [Log] Cihaz Türü Seçildi 
2022-11-05 15:32:20,418 INFO  [Log] Ürün Sepete Eklendi 
2022-11-05 15:32:25,421 INFO  [Log] product_two() :Testi Basariyla Tamamlandi. 
2022-11-05 15:32:26,469 INFO  [Log] Sepete Gidildi 
2022-11-05 15:32:26,470 INFO  [Log] go_to_basket() :Testi Basariyla Tamamlandi. 
2022-11-05 15:32:27,575 INFO  [Log] first_product_verification() :Testi Basariyla Tamamlandi. 
2022-11-05 15:32:27,752 INFO  [Log] second_product_verification() :Testi Basariyla Tamamlandi. 
2022-11-05 15:32:27,813 INFO  [Log] different_seller_verification() :Testi Basariyla Tamamlandi. 
2022-11-05 15:32:28,148 INFO  [Log] *********Test tamamlandı... Chrome kapatıldı...****************** 
2022-11-05 15:36:26,825 INFO  [Log] ***********Test için Chrome driver ayarları yapıldı... Test Başlıyor********************** 
2022-11-05 15:36:28,104 INFO  [Log] Çerezler kabul edildi 
2022-11-05 15:36:28,116 INFO  [Log] accept_cookies():Testi Basariyla Tamamlandi. 
2022-11-05 15:36:29,392 INFO  [Log] İphone kılıf aratılıyor 
2022-11-05 15:36:29,392 INFO  [Log] search_product_one():Testi Basariyla Tamamlandi. 
2022-11-05 15:40:37,712 INFO  [Log] ***********Test için Chrome driver ayarları yapıldı... Test Başlıyor********************** 
2022-11-05 15:40:39,107 INFO  [Log] Çerezler kabul edildi 
2022-11-05 15:40:39,115 INFO  [Log] accept_cookies():Testi Basariyla Tamamlandi. 
2022-11-05 15:40:40,365 INFO  [Log] İphone kılıf aratılıyor 
2022-11-05 15:40:40,366 INFO  [Log] search_product_one():Testi Basariyla Tamamlandi. 
2022-11-05 15:40:45,306 INFO  [Log] Ürün Seçildi 
2022-11-05 15:40:49,615 INFO  [Log] Koyu Lacivert Renk Seçildi 
2022-11-05 15:40:50,983 INFO  [Log] Ürün Sepete Eklendi 
2022-11-05 15:40:56,137 INFO  [Log] product_one():Testi Basariyla Tamamlandi. 
2022-11-05 15:40:58,250 INFO  [Log] İphone kılıf şefaf aratılıyor 
2022-11-05 15:40:58,251 INFO  [Log] search_product_two():Testi Basariyla Tamamlandi. 
2022-11-05 15:41:04,974 INFO  [Log] Ürün Sepete Eklendi 
2022-11-05 15:41:09,833 INFO  [Log] Siyah Renk Seçildi 
2022-11-05 15:41:10,145 INFO  [Log] Cihaz Türü Seçildi 
2022-11-05 15:41:11,874 INFO  [Log] Ürün Sepete Eklendi 
2022-11-05 15:41:16,877 INFO  [Log] product_two():Testi Basariyla Tamamlandi. 
2022-11-05 15:41:19,180 INFO  [Log] Sepete Gidildi 
2022-11-05 15:41:19,181 INFO  [Log] go_to_basket():Testi Basariyla Tamamlandi. 
2022-11-05 15:41:20,311 INFO  [Log] first_product_verification():Testi Basariyla Tamamlandi. 
2022-11-05 15:41:20,963 INFO  [Log] second_product_verification():Testi Basariyla Tamamlandi. 
2022-11-05 15:41:21,217 INFO  [Log] different_seller_verification():Testi Basariyla Tamamlandi. 
2022-11-05 15:41:21,782 INFO  [Log] *********Test tamamlandı... Chrome kapatıldı...****************** 
2022-11-05 15:47:17,532 INFO  [Log] ***********Test için Chrome driver ayarları yapıldı... Test Başlıyor********************** 
2022-11-05 15:47:19,294 INFO  [Log] Çerezler kabul edildi 
2022-11-05 15:47:19,300 INFO  [Log] accept_cookies():Testi Basariyla Tamamlandi. 
2022-11-05 15:47:20,540 INFO  [Log] İphone kılıf aratılıyor 
2022-11-05 15:47:20,540 INFO  [Log] search_product_one():Testi Basariyla Tamamlandi. 
2022-11-05 15:47:27,259 INFO  [Log] Ürün Seçildi 
2022-11-05 15:47:31,498 INFO  [Log] Koyu Lacivert Renk Seçildi 
2022-11-05 15:47:32,786 INFO  [Log] Ürün Sepete Eklendi 
2022-11-05 15:47:37,951 INFO  [Log] product_one():Testi Basariyla Tamamlandi. 
2022-11-05 15:47:39,949 INFO  [Log] İphone kılıf şefaf aratılıyor 
2022-11-05 15:47:39,950 INFO  [Log] search_product_two():Testi Basariyla Tamamlandi. 
2022-11-05 15:47:47,143 INFO  [Log] Ürün Sepete Eklendi 
2022-11-05 15:47:51,203 INFO  [Log] Siyah Renk Seçildi 
2022-11-05 15:47:51,330 INFO  [Log] Cihaz Türü Seçildi 
2022-11-05 15:47:52,621 INFO  [Log] Ürün Sepete Eklendi 
2022-11-05 15:47:57,624 INFO  [Log] product_two():Testi Basariyla Tamamlandi. 
2022-11-05 15:47:58,497 INFO  [Log] Sepete Gidildi 
2022-11-05 15:47:58,498 INFO  [Log] go_to_basket():Testi Basariyla Tamamlandi. 
2022-11-05 15:47:59,134 INFO  [Log] İlk Ürün adıFibaks Apple iPhone 13 Pro Max Uyumlu Kılıf Şeffaf Berrak Kamera Korumalı Renkli Yumuşak 
2022-11-05 15:47:59,435 INFO  [Log] İlk Ürün adıFibaks Apple iPhone 13 Pro Max Uyumlu Kılıf Şeffaf Berrak Kamera Korumalı Renkli Yumuşak 
2022-11-05 15:47:59,440 INFO  [Log] first_product_verification():Testi Basariyla Tamamlandi. 
2022-11-05 15:47:59,654 INFO  [Log] second_product_verification():Testi Basariyla Tamamlandi. 
2022-11-05 15:47:59,761 INFO  [Log] different_seller_verification():Testi Basariyla Tamamlandi. 
2022-11-05 15:48:00,093 INFO  [Log] *********Test tamamlandı... Chrome kapatıldı...****************** 
2022-11-05 15:49:44,982 INFO  [Log] ***********Test için Chrome driver ayarları yapıldı... Test Başlıyor********************** 
2022-11-05 15:49:46,426 INFO  [Log] Çerezler kabul edildi 
2022-11-05 15:49:46,433 INFO  [Log] accept_cookies():Testi Basariyla Tamamlandi. 
2022-11-05 15:49:47,663 INFO  [Log] İphone kılıf aratılıyor 
2022-11-05 15:49:47,663 INFO  [Log] search_product_one():Testi Basariyla Tamamlandi. 
2022-11-05 15:49:52,313 INFO  [Log] Ürün Seçildi 
2022-11-05 15:49:56,401 INFO  [Log] Koyu Lacivert Renk Seçildi 
2022-11-05 15:49:57,640 INFO  [Log] Ürün Sepete Eklendi 
2022-11-05 15:50:02,786 INFO  [Log] product_one():Testi Basariyla Tamamlandi. 
2022-11-05 15:50:04,932 INFO  [Log] İphone kılıf şefaf aratılıyor 
2022-11-05 15:50:04,933 INFO  [Log] search_product_two():Testi Basariyla Tamamlandi. 
2022-11-05 15:50:10,523 INFO  [Log] Ürün Sepete Eklendi 
2022-11-05 15:50:15,082 INFO  [Log] Siyah Renk Seçildi 
2022-11-05 15:50:15,193 INFO  [Log] Cihaz Türü Seçildi 
2022-11-05 15:50:16,693 INFO  [Log] Ürün Sepete Eklendi 
2022-11-05 15:50:21,695 INFO  [Log] product_two():Testi Basariyla Tamamlandi. 
2022-11-05 15:50:22,710 INFO  [Log] Sepete Gidildi 
2022-11-05 15:50:22,711 INFO  [Log] go_to_basket():Testi Basariyla Tamamlandi. 
2022-11-05 15:50:23,441 INFO  [Log] İlk Ürün adı 
2022-11-05 15:50:23,646 INFO  [Log] İlk Ürün adı 
2022-11-05 15:50:23,654 INFO  [Log] first_product_verification():Testi Basariyla Tamamlandi. 
2022-11-05 15:50:23,731 INFO  [Log] second_product_verification():Testi Basariyla Tamamlandi. 
2022-11-05 15:50:23,830 INFO  [Log] different_seller_verification():Testi Basariyla Tamamlandi. 
2022-11-05 15:50:24,153 INFO  [Log] *********Test tamamlandı... Chrome kapatıldı...****************** 
2022-11-05 15:53:27,208 INFO  [Log] ***********Test için Chrome driver ayarları yapıldı... Test Başlıyor********************** 
2022-11-05 15:53:28,509 INFO  [Log] Çerezler kabul edildi 
2022-11-05 15:53:28,519 INFO  [Log] accept_cookies():Testi Basariyla Tamamlandi. 
2022-11-05 15:53:29,815 INFO  [Log] İphone kılıf aratılıyor 
2022-11-05 15:53:29,816 INFO  [Log] search_product_one():Testi Basariyla Tamamlandi. 
2022-11-05 15:53:38,189 INFO  [Log] Ürün Seçildi 
2022-11-05 15:53:41,580 INFO  [Log] Koyu Lacivert Renk Seçildi 
2022-11-05 15:53:42,913 INFO  [Log] Ürün Sepete Eklendi 
2022-11-05 15:53:48,065 INFO  [Log] product_one():Testi Basariyla Tamamlandi. 
2022-11-05 15:53:50,048 INFO  [Log] İphone kılıf şefaf aratılıyor 
2022-11-05 15:53:50,049 INFO  [Log] search_product_two():Testi Basariyla Tamamlandi. 
2022-11-05 15:53:56,760 INFO  [Log] Ürün Sepete Eklendi 
2022-11-05 15:54:00,941 INFO  [Log] Siyah Renk Seçildi 
2022-11-05 15:54:01,046 INFO  [Log] Cihaz Türü Seçildi 
2022-11-05 15:54:02,426 INFO  [Log] Ürün Sepete Eklendi 
2022-11-05 15:54:07,427 INFO  [Log] product_two():Testi Basariyla Tamamlandi. 
2022-11-05 15:54:08,368 INFO  [Log] Sepete Gidildi 
2022-11-05 15:54:08,369 INFO  [Log] go_to_basket():Testi Basariyla Tamamlandi. 
2022-11-05 15:54:09,061 INFO  [Log] İlk Ürün adıFibaks Apple iPhone 13 Pro Max Uyumlu Kılıf Şeffaf Berrak Kamera Korumalı Renkli Yumuşak 
2022-11-05 15:54:09,072 INFO  [Log] first_product_verification():Testi Basariyla Tamamlandi. 
2022-11-05 15:54:09,421 INFO  [Log] second_product_verification():Testi Basariyla Tamamlandi. 
2022-11-05 15:54:09,617 INFO  [Log] different_seller_verification():Testi Basariyla Tamamlandi. 
2022-11-05 15:54:09,954 INFO  [Log] *********Test tamamlandı... Chrome kapatıldı...****************** 
2022-11-05 15:57:12,221 INFO  [Log] ***********Test için Chrome driver ayarları yapıldı... Test Başlıyor********************** 
2022-11-05 15:57:13,686 INFO  [Log] Çerezler kabul edildi 
2022-11-05 15:57:13,691 INFO  [Log] accept_cookies():Testi Basariyla Tamamlandi. 
2022-11-05 15:57:14,891 INFO  [Log] İphone kılıf aratılıyor 
2022-11-05 15:57:14,891 INFO  [Log] search_product_one():Testi Basariyla Tamamlandi. 
2022-11-05 15:57:18,203 INFO  [Log] Ürün Seçildi 
2022-11-05 15:57:21,505 INFO  [Log] Koyu Lacivert Renk Seçildi 
2022-11-05 15:57:23,041 INFO  [Log] Ürün Sepete Eklendi 
2022-11-05 15:57:28,187 INFO  [Log] product_one():Testi Basariyla Tamamlandi. 
2022-11-05 15:57:30,213 INFO  [Log] İphone kılıf şefaf aratılıyor 
2022-11-05 15:57:30,214 INFO  [Log] search_product_two():Testi Basariyla Tamamlandi. 
2022-11-05 15:57:35,236 INFO  [Log] Ürün Sepete Eklendi 
2022-11-05 15:57:38,995 INFO  [Log] Siyah Renk Seçildi 
2022-11-05 15:57:39,148 INFO  [Log] Cihaz Türü Seçildi 
2022-11-05 15:57:40,799 INFO  [Log] Ürün Sepete Eklendi 
2022-11-05 15:57:45,801 INFO  [Log] product_two():Testi Basariyla Tamamlandi. 
2022-11-05 15:57:46,820 INFO  [Log] Sepete Gidildi 
2022-11-05 15:57:46,821 INFO  [Log] go_to_basket():Testi Basariyla Tamamlandi. 
2022-11-05 15:57:47,798 INFO  [Log] İlk Ürün adı: Fibaks Apple iPhone 13 Pro Max Uyumlu Kılıf Şeffaf Berrak Kamera Korumalı Renkli Yumuşak 
2022-11-05 15:57:47,805 INFO  [Log] first_product_verification():Testi Basariyla Tamamlandi. 
2022-11-05 15:57:47,989 INFO  [Log] İkinci ürün adı:Apple iPhone 13 Magsafe Silikon Kılıf – Midnight MM2A3ZM/A 
2022-11-05 15:57:47,989 INFO  [Log] second_product_verification():Testi Basariyla Tamamlandi. 
2022-11-05 15:57:48,038 INFO  [Log] İlk Ürün Satıcısı Adı: Fiberaksesuar 
2022-11-05 15:57:48,095 INFO  [Log] İkinci Ürün Satıcısı Adı:Hepsiburada 
2022-11-05 15:57:48,098 INFO  [Log] different_seller_verification():Testi Basariyla Tamamlandi. 
2022-11-05 15:57:48,407 INFO  [Log] *********Test tamamlandı... Chrome kapatıldı...****************** 
2022-11-05 19:54:25,448 INFO  [Log] ***********Test için Chrome driver ayarları yapıldı... Test Başlıyor********************** 
2022-11-05 19:54:26,645 INFO  [Log] Çerezler kabul edildi 
2022-11-05 19:54:26,651 INFO  [Log] accept_cookies():Testi Basariyla Tamamlandi. 
2022-11-05 19:54:27,934 INFO  [Log] İphone kılıf aratılıyor 
2022-11-05 19:54:27,935 INFO  [Log] search_product_one():Testi Basariyla Tamamlandi. 
2022-11-05 19:54:34,003 INFO  [Log] Ürün Seçildi 
2022-11-05 19:54:37,895 INFO  [Log] Koyu Lacivert Renk Seçildi 
2022-11-05 19:54:39,187 INFO  [Log] Ürün Sepete Eklendi 
2022-11-05 19:54:44,317 INFO  [Log] product_one():Testi Basariyla Tamamlandi. 
2022-11-05 19:54:46,560 INFO  [Log] İphone kılıf şefaf aratılıyor 
2022-11-05 19:54:46,561 INFO  [Log] search_product_two():Testi Basariyla Tamamlandi. 
2022-11-05 19:54:53,727 INFO  [Log] Ürün Sepete Eklendi 
2022-11-05 19:54:58,431 INFO  [Log] Siyah Renk Seçildi 
2022-11-05 19:54:58,590 INFO  [Log] Cihaz Türü Seçildi 
2022-11-05 19:54:59,906 INFO  [Log] Ürün Sepete Eklendi 
2022-11-05 19:55:04,907 INFO  [Log] product_two():Testi Basariyla Tamamlandi. 
2022-11-05 19:55:06,023 INFO  [Log] Sepete Gidildi 
2022-11-05 19:55:06,024 INFO  [Log] go_to_basket():Testi Basariyla Tamamlandi. 
2022-11-05 19:55:06,541 INFO  [Log] İlk Ürün adı: Fibaks Apple iPhone 13 Pro Max Uyumlu Kılıf Şeffaf Berrak Kamera Korumalı Renkli Yumuşak 
2022-11-05 19:55:06,547 INFO  [Log] first_product_verification():Testi Basariyla Tamamlandi. 
2022-11-05 19:55:06,685 INFO  [Log] İkinci ürün adı: Apple iPhone 13 Magsafe Silikon Kılıf – Midnight MM2A3ZM/A 
2022-11-05 19:55:06,685 INFO  [Log] second_product_verification():Testi Basariyla Tamamlandi. 
2022-11-05 19:55:06,730 INFO  [Log] İlk Ürün Satıcısı Adı: Fiberaksesuar 
2022-11-05 19:55:06,864 INFO  [Log] İkinci Ürün Satıcısı Adı: Hepsiburada 
2022-11-05 19:55:06,865 INFO  [Log] different_seller_verification():Testi Basariyla Tamamlandi. 
2022-11-05 19:55:07,179 INFO  [Log] *********Test tamamlandı... Chrome kapatıldı...****************** 
2022-11-05 19:56:05,634 INFO  [Log] ***********Test için Chrome driver ayarları yapıldı... Test Başlıyor********************** 
2022-11-05 19:56:07,068 INFO  [Log] Çerezler kabul edildi 
2022-11-05 19:56:07,076 INFO  [Log] accept_cookies():Testi Basariyla Tamamlandi. 
2022-11-05 19:56:08,359 INFO  [Log] İphone kılıf aratılıyor 
2022-11-05 19:56:08,359 INFO  [Log] search_product_one():Testi Basariyla Tamamlandi. 
2022-11-05 19:56:12,303 INFO  [Log] Ürün Seçildi 
2022-11-05 19:56:16,071 INFO  [Log] Koyu Lacivert Renk Seçildi 
2022-11-05 19:56:17,605 INFO  [Log] Ürün Sepete Eklendi 
2022-11-05 19:56:22,734 INFO  [Log] product_one():Testi Basariyla Tamamlandi. 
2022-11-05 19:56:24,751 INFO  [Log] İphone kılıf şefaf aratılıyor 
2022-11-05 19:56:24,752 INFO  [Log] search_product_two():Testi Basariyla Tamamlandi. 
2022-11-05 19:56:29,143 INFO  [Log] Ürün Sepete Eklendi 
2022-11-05 19:56:33,387 INFO  [Log] Siyah Renk Seçildi 
2022-11-05 19:56:33,460 INFO  [Log] Cihaz Türü Seçildi 
2022-11-05 19:56:34,849 INFO  [Log] Ürün Sepete Eklendi 
2022-11-05 19:56:39,850 INFO  [Log] product_two():Testi Basariyla Tamamlandi. 
2022-11-05 19:56:40,614 INFO  [Log] Sepete Gidildi 
2022-11-05 19:56:40,615 INFO  [Log] go_to_basket():Testi Basariyla Tamamlandi. 
2022-11-05 19:56:41,294 INFO  [Log] İlk Ürün adı: Fibaks Apple iPhone 13 Pro Max Uyumlu Kılıf Şeffaf Berrak Kamera Korumalı Renkli Yumuşak 
2022-11-05 19:56:41,309 INFO  [Log] first_product_verification():Testi Basariyla Tamamlandi. 
2022-11-05 19:56:41,631 INFO  [Log] İkinci ürün adı: Apple iPhone 13 Magsafe Silikon Kılıf – Midnight MM2A3ZM/A 
2022-11-05 19:56:41,631 INFO  [Log] second_product_verification():Testi Basariyla Tamamlandi. 
2022-11-05 19:56:41,689 INFO  [Log] İlk Ürün Satıcısı Adı: Fiberaksesuar 
2022-11-05 19:56:41,785 INFO  [Log] İkinci Ürün Satıcısı Adı: Fiberaksesuar 
2022-11-05 19:56:41,787 INFO  [Log] different_seller_verification():Testi Basariyla Tamamlandi. 
2022-11-05 19:56:42,109 INFO  [Log] *********Test tamamlandı... Chrome kapatıldı...****************** 
2022-11-05 19:58:12,776 INFO  [Log] ***********Test için Chrome driver ayarları yapıldı... Test Başlıyor********************** 
2022-11-05 19:58:14,009 INFO  [Log] Çerezler kabul edildi 
2022-11-05 19:58:14,016 INFO  [Log] accept_cookies():Testi Basariyla Tamamlandi. 
2022-11-05 19:58:15,254 INFO  [Log] İphone kılıf aratılıyor 
2022-11-05 19:58:15,254 INFO  [Log] search_product_one():Testi Basariyla Tamamlandi. 
2022-11-05 19:58:22,259 INFO  [Log] Ürün Seçildi 
2022-11-05 19:58:26,037 INFO  [Log] Koyu Lacivert Renk Seçildi 
2022-11-05 19:58:27,209 INFO  [Log] Ürün Sepete Eklendi 
2022-11-05 19:58:32,393 INFO  [Log] product_one():Testi Basariyla Tamamlandi. 
2022-11-05 19:58:34,477 INFO  [Log] İphone kılıf şefaf aratılıyor 
2022-11-05 19:58:34,478 INFO  [Log] search_product_two():Testi Basariyla Tamamlandi. 
2022-11-05 19:58:41,791 INFO  [Log] Ürün Sepete Eklendi 
2022-11-05 19:58:45,719 INFO  [Log] Siyah Renk Seçildi 
2022-11-05 19:58:45,914 INFO  [Log] Cihaz Türü Seçildi 
2022-11-05 19:58:47,105 INFO  [Log] Ürün Sepete Eklendi 
2022-11-05 19:58:52,107 INFO  [Log] product_two():Testi Basariyla Tamamlandi. 
2022-11-05 19:58:53,186 INFO  [Log] Sepete Gidildi 
2022-11-05 19:58:53,187 INFO  [Log] go_to_basket():Testi Basariyla Tamamlandi. 
2022-11-05 19:58:54,213 INFO  [Log] İlk Ürün adı: Fibaks Apple iPhone 13 Pro Max Uyumlu Kılıf Şeffaf Berrak Kamera Korumalı Renkli Yumuşak 
2022-11-05 19:58:54,218 INFO  [Log] first_product_verification():Testi Basariyla Tamamlandi. 
2022-11-05 19:58:54,306 INFO  [Log] İkinci ürün adı: Apple iPhone 13 Magsafe Silikon Kılıf – Midnight MM2A3ZM/A 
2022-11-05 19:58:54,306 INFO  [Log] second_product_verification():Testi Basariyla Tamamlandi. 
2022-11-05 19:58:54,420 INFO  [Log] İlk Ürün Satıcısı Adı: Fiberaksesuar 
2022-11-05 19:58:54,459 INFO  [Log] İkinci Ürün Satıcısı Adı: Hepsiburada 
2022-11-05 19:58:54,460 INFO  [Log] different_seller_verification():Testi Basariyla Tamamlandi. 
2022-11-05 19:58:54,773 INFO  [Log] *********Test tamamlandı... Chrome kapatıldı...****************** 
2022-11-05 20:06:09,870 INFO  [Log] ***********Test için Chrome driver ayarları yapıldı... Test Başlıyor********************** 
2022-11-05 20:06:11,024 INFO  [Log] Çerezler kabul edildi 
2022-11-05 20:06:11,032 INFO  [Log] accept_cookies():Testi Basariyla Tamamlandi. 
2022-11-05 20:06:12,259 INFO  [Log] İphone kılıf aratılıyor 
2022-11-05 20:06:12,259 INFO  [Log] search_product_one():Testi Basariyla Tamamlandi. 
2022-11-05 20:06:15,810 INFO  [Log] Ürün Seçildi 
2022-11-05 20:06:19,331 INFO  [Log] Koyu Lacivert Renk Seçildi 
2022-11-05 20:06:21,605 INFO  [Log] Ürün Sepete Eklendi 
2022-11-05 20:06:26,734 INFO  [Log] product_one():Testi Basariyla Tamamlandi. 
2022-11-05 20:06:38,123 ERROR [Log] Test Basarisiz Oldu. Sebebi: no such element: Unable to locate element: {"method":"xpath","selector":"//input[@class='desktopOldAutosuggestTheme-UyU36RyhCTcuRs_sXL9b']"}
  (Session info: chrome=107.0.5304.88)
For documentation on this error, please visit: https://selenium.dev/exceptions/#no_such_element
Build info: version: '4.4.0', revision: 'e5c75ed026a'
System info: host: 'LAPTOP-LJ7A5F6C', ip: '192.168.1.101', os.name: 'Windows 10', os.arch: 'amd64', os.version: '10.0', java.version: '18.0.2.1'
Driver info: org.openqa.selenium.chrome.ChromeDriver
Command: [93256e695c1238fbd9df9c781fb815d8, findElement {using=xpath, value=//input[@class='desktopOldAutosuggestTheme-UyU36RyhCTcuRs_sXL9b']}]
Capabilities {acceptInsecureCerts: false, browserName: chrome, browserVersion: 107.0.5304.88, chrome: {chromedriverVersion: 107.0.5304.62 (1eec40d3a576..., userDataDir: C:\Users\Samed\AppData\Loca...}, goog:chromeOptions: {debuggerAddress: localhost:50306}, networkConnectionEnabled: false, pageLoadStrategy: normal, platformName: WINDOWS, proxy: Proxy(), se:cdp: ws://localhost:50306/devtoo..., se:cdpVersion: 107.0.5304.88, setWindowRect: true, strictFileInteractability: false, timeouts: {implicit: 0, pageLoad: 300000, script: 30000}, unhandledPromptBehavior: dismiss and notify, webauthn:extension:credBlob: true, webauthn:extension:largeBlob: true, webauthn:virtualAuthenticators: true}
Session ID: 93256e695c1238fbd9df9c781fb815d8 
2022-11-05 20:06:49,128 ERROR [Log] Test Basarisiz Oldu. Sebebi: no such element: Unable to locate element: {"method":"partial link text","selector":"Fibaks Apple iPhone 13 Uyumlu Kılıf Şeffaf Berrak Kamera Korumalı Renkli Yumuşak"}
  (Session info: chrome=107.0.5304.88)
For documentation on this error, please visit: https://selenium.dev/exceptions/#no_such_element
Build info: version: '4.4.0', revision: 'e5c75ed026a'
System info: host: 'LAPTOP-LJ7A5F6C', ip: '192.168.1.101', os.name: 'Windows 10', os.arch: 'amd64', os.version: '10.0', java.version: '18.0.2.1'
Driver info: org.openqa.selenium.chrome.ChromeDriver
Command: [93256e695c1238fbd9df9c781fb815d8, findElement {using=partial link text, value=Fibaks Apple iPhone 13 Uyumlu Kılıf Şeffaf Berrak Kamera Korumalı Renkli Yumuşak}]
Capabilities {acceptInsecureCerts: false, browserName: chrome, browserVersion: 107.0.5304.88, chrome: {chromedriverVersion: 107.0.5304.62 (1eec40d3a576..., userDataDir: C:\Users\Samed\AppData\Loca...}, goog:chromeOptions: {debuggerAddress: localhost:50306}, networkConnectionEnabled: false, pageLoadStrategy: normal, platformName: WINDOWS, proxy: Proxy(), se:cdp: ws://localhost:50306/devtoo..., se:cdpVersion: 107.0.5304.88, setWindowRect: true, strictFileInteractability: false, timeouts: {implicit: 0, pageLoad: 300000, script: 30000}, unhandledPromptBehavior: dismiss and notify, webauthn:extension:credBlob: true, webauthn:extension:largeBlob: true, webauthn:virtualAuthenticators: true}
Session ID: 93256e695c1238fbd9df9c781fb815d8 
2022-11-05 20:07:04,327 INFO  [Log] ***********Test için Chrome driver ayarları yapıldı... Test Başlıyor********************** 
2022-11-05 20:07:05,842 INFO  [Log] Çerezler kabul edildi 
2022-11-05 20:07:05,849 INFO  [Log] accept_cookies():Testi Basariyla Tamamlandi. 
2022-11-05 20:07:07,147 INFO  [Log] İphone kılıf aratılıyor 
2022-11-05 20:07:07,147 INFO  [Log] search_product_one():Testi Basariyla Tamamlandi. 
2022-11-05 20:07:11,871 INFO  [Log] Ürün Seçildi 
2022-11-05 20:07:16,278 INFO  [Log] Koyu Lacivert Renk Seçildi 
2022-11-05 20:07:17,860 INFO  [Log] Ürün Sepete Eklendi 
2022-11-05 20:07:23,030 INFO  [Log] product_one():Testi Basariyla Tamamlandi. 
2022-11-05 20:07:25,111 INFO  [Log] İphone kılıf şefaf aratılıyor 
2022-11-05 20:07:25,111 INFO  [Log] search_product_two():Testi Basariyla Tamamlandi. 
2022-11-05 20:07:30,458 INFO  [Log] Ürün Sepete Eklendi 
2022-11-05 20:07:34,410 INFO  [Log] Siyah Renk Seçildi 
2022-11-05 20:07:34,555 INFO  [Log] Cihaz Türü Seçildi 
2022-11-05 20:07:35,856 INFO  [Log] Ürün Sepete Eklendi 
2022-11-05 20:07:40,858 INFO  [Log] product_two():Testi Basariyla Tamamlandi. 
2022-11-05 20:07:42,034 INFO  [Log] Sepete Gidildi 
2022-11-05 20:07:42,035 INFO  [Log] go_to_basket():Testi Basariyla Tamamlandi. 
2022-11-05 20:07:43,143 INFO  [Log] İlk Ürün adı: Fibaks Apple iPhone 13 Pro Max Uyumlu Kılıf Şeffaf Berrak Kamera Korumalı Renkli Yumuşak 
2022-11-05 20:07:43,150 INFO  [Log] first_product_verification():Testi Basariyla Tamamlandi. 
2022-11-05 20:07:43,440 INFO  [Log] İkinci ürün adı: Apple iPhone 13 Magsafe Silikon Kılıf – Midnight MM2A3ZM/A 
2022-11-05 20:07:43,440 INFO  [Log] second_product_verification():Testi Basariyla Tamamlandi. 
2022-11-05 20:07:43,505 INFO  [Log] İlk Ürün Satıcısı Adı: Fiberaksesuar 
2022-11-05 20:07:43,551 INFO  [Log] İkinci Ürün Satıcısı Adı: Hepsiburada 
2022-11-05 20:07:43,556 ERROR [Log] Test Basarisiz Oldu. Sebebi: Aynı Satıcılar ==> expected: <Fiberaksesuar> but was: <Hepsiburada> 
2022-11-05 20:07:43,940 INFO  [Log] *********Test tamamlandı... Chrome kapatıldı...****************** 
